[lyricue:sister:dom-ready]
[lyricue:sister:did-finish-load]
[lyricue:sister] adapter.start() OK; running=true
[lyricue:sister] E2E mode: SyncEngine + synthetic audio pipeline started
[lyricue:sister] diag mode=own-window running=true delivered=0 dropped=0 fps=— dps=— since-frame=— rss=148.0MB heap=6.4MB uptime=1s lastError=none
[lyricue:sister:renderer:info] [lyricue:sister-renderer] LC_LOAD_MAP received for outputId=lyricue-sister-output (file:///Users/njabulomnisi/Projects/Dojo/worshipsync/apps/sister/release/mac-arm64/LyriCue.app/Contents/Resources/app.asar/public/build/karaoke-output.bundle.js:12)
[lyricue:sister:renderer:info] [lyricue:sister-renderer] frame #1 wordIndex=0 progress=0.00 (file:///Users/njabulomnisi/Projects/Dojo/worshipsync/apps/sister/release/mac-arm64/LyriCue.app/Contents/Resources/app.asar/public/build/karaoke-output.bundle.js:12)
[lyricue:sister] operator window: renderer signalled ready
[lyricue:sister] [capture] wrote /Users/njabulomnisi/Projects/Dojo/worshipsync/docs/qa-reports/evidence/ep09-e2e-2026-05-15/01-first-word-active.png
[lyricue:sister] [capture] wrote /Users/njabulomnisi/Projects/Dojo/worshipsync/docs/qa-reports/evidence/ep10-operator-window-2026-05-15/01-first-word-active-operator.png
[lyricue:sister:renderer:info] [lyricue:sister-renderer] frame #60 wordIndex=1 progress=0.91 (file:///Users/njabulomnisi/Projects/Dojo/worshipsync/apps/sister/release/mac-arm64/LyriCue.app/Contents/Resources/app.asar/public/build/karaoke-output.bundle.js:12)
[lyricue:sister] [capture] wrote /Users/njabulomnisi/Projects/Dojo/worshipsync/docs/qa-reports/evidence/ep09-e2e-2026-05-15/02-mid-section.png
[lyricue:sister] [capture] wrote /Users/njabulomnisi/Projects/Dojo/worshipsync/docs/qa-reports/evidence/ep10-operator-window-2026-05-15/02-mid-section-operator.png
[lyricue:sister:renderer:info] [lyricue:sister-renderer] frame #120 wordIndex=4 progress=0.19 (file:///Users/njabulomnisi/Projects/Dojo/worshipsync/apps/sister/release/mac-arm64/LyriCue.app/Contents/Resources/app.asar/public/build/karaoke-output.bundle.js:12)
[lyricue:sister:renderer:info] [lyricue:sister-renderer] frame #180 wordIndex=6 progress=0.26 (file:///Users/njabulomnisi/Projects/Dojo/worshipsync/apps/sister/release/mac-arm64/LyriCue.app/Contents/Resources/app.asar/public/build/karaoke-output.bundle.js:12)
[lyricue:sister] [capture] wrote /Users/njabulomnisi/Projects/Dojo/worshipsync/docs/qa-reports/evidence/ep09-e2e-2026-05-15/03-late-section.png
[lyricue:sister] [capture] wrote /Users/njabulomnisi/Projects/Dojo/worshipsync/docs/qa-reports/evidence/ep10-operator-window-2026-05-15/03-late-section-operator.png
[lyricue:sister:renderer:info] [lyricue:sister-renderer] frame #240 wordIndex=8 progress=0.57 (file:///Users/njabulomnisi/Projects/Dojo/worshipsync/apps/sister/release/mac-arm64/LyriCue.app/Contents/Resources/app.asar/public/build/karaoke-output.bundle.js:12)
[lyricue:sister] diag mode=own-window running=true delivered=266 dropped=0 fps=52.0 dps=0.0 since-frame=6ms rss=184.0MB heap=6.7MB uptime=6s lastError=none
[lyricue:sister:renderer:info] [lyricue:sister-renderer] frame #300 wordIndex=10 progress=0.64 (file:///Users/njabulomnisi/Projects/Dojo/worshipsync/apps/sister/release/mac-arm64/LyriCue.app/Contents/Resources/app.asar/public/build/karaoke-output.bundle.js:12)
[lyricue:sister:renderer:info] [lyricue:sister-renderer] LC_LOAD_MAP received for outputId=lyricue-sister-output (file:///Users/njabulomnisi/Projects/Dojo/worshipsync/apps/sister/release/mac-arm64/LyriCue.app/Contents/Resources/app.asar/public/build/karaoke-output.bundle.js:12)
[lyricue:sister:renderer:info] [lyricue:sister-renderer] frame #360 wordIndex=0 progress=0.00 (file:///Users/njabulomnisi/Projects/Dojo/worshipsync/apps/sister/release/mac-arm64/LyriCue.app/Contents/Resources/app.asar/public/build/karaoke-output.bundle.js:12)
[lyricue:sister] [capture] wrote /Users/njabulomnisi/Projects/Dojo/worshipsync/docs/qa-reports/evidence/ep09-e2e-2026-05-15/04-post-loop-restart.png
[lyricue:sister] [capture] wrote /Users/njabulomnisi/Projects/Dojo/worshipsync/docs/qa-reports/evidence/ep10-operator-window-2026-05-15/04-post-loop-restart-operator.png
[lyricue:sister] [capture] wrote /Users/njabulomnisi/Projects/Dojo/worshipsync/docs/qa-reports/evidence/ep10-operator-window-2026-05-15/05-arrangement-builder-operator.png
[lyricue:sister:renderer:info] [lyricue:sister-renderer] frame #420 wordIndex=0 progress=0.00 (file:///Users/njabulomnisi/Projects/Dojo/worshipsync/apps/sister/release/mac-arm64/LyriCue.app/Contents/Resources/app.asar/public/build/karaoke-output.bundle.js:12)
[lyricue:sister] [capture] wrote /Users/njabulomnisi/Projects/Dojo/worshipsync/docs/qa-reports/evidence/ep10-operator-window-2026-05-15/06-translation-editor-operator.png
[lyricue:sister:renderer:info] [lyricue:sister-renderer] frame #480 wordIndex=0 progress=0.00 (file:///Users/njabulomnisi/Projects/Dojo/worshipsync/apps/sister/release/mac-arm64/LyriCue.app/Contents/Resources/app.asar/public/build/karaoke-output.bundle.js:12)
[lyricue:sister] [capture] wrote /Users/njabulomnisi/Projects/Dojo/worshipsync/docs/qa-reports/evidence/ep10-operator-window-2026-05-15/07-rehearsal-mode-operator.png
[lyricue:sister:renderer:info] [lyricue:sister-renderer] frame #540 wordIndex=0 progress=0.00 (file:///Users/njabulomnisi/Projects/Dojo/worshipsync/apps/sister/release/mac-arm64/LyriCue.app/Contents/Resources/app.asar/public/build/karaoke-output.bundle.js:12)
[lyricue:sister] diag mode=own-window running=true delivered=548 dropped=0 fps=58.9 dps=0.0 since-frame=11ms rss=165.7MB heap=5.4MB uptime=11s lastError=none
[lyricue:sister] [capture] learn song exercise result=learn-song-complete
[lyricue:sister] operator command: saveArrangement
[lyricue:sister:renderer:info] [lyricue:sister-renderer] LC_LOAD_MAP received for outputId=lyricue-sister-output (file:///Users/njabulomnisi/Projects/Dojo/worshipsync/apps/sister/release/mac-arm64/LyriCue.app/Contents/Resources/app.asar/public/build/karaoke-output.bundle.js:12)
[lyricue:sister] operator command: saveTranslation
[lyricue:sister:renderer:info] [lyricue:sister-renderer] LC_LOAD_MAP received for outputId=lyricue-sister-output (file:///Users/njabulomnisi/Projects/Dojo/worshipsync/apps/sister/release/mac-arm64/LyriCue.app/Contents/Resources/app.asar/public/build/karaoke-output.bundle.js:12)
[lyricue:sister:renderer:info] [lyricue:sister-renderer] frame #600 wordIndex=0 progress=0.00 (file:///Users/njabulomnisi/Projects/Dojo/worshipsync/apps/sister/release/mac-arm64/LyriCue.app/Contents/Resources/app.asar/public/build/karaoke-output.bundle.js:12)
[lyricue:sister] [capture] operator persistence exercise result=persisted
[lyricue:sister] rehearsal capture started: /Users/njabulomnisi/Library/Application Support/@lyricue/sister/lyricue/rehearsals/2026-06-06T08-20-33-327Z.wav
[lyricue:sister] rehearsal capture stopped: /Users/njabulomnisi/Library/Application Support/@lyricue/sister/lyricue/rehearsals/2026-06-06T08-20-33-327Z.wav bytes=192000
[lyricue:sister:renderer:info] [lyricue:sister-renderer] frame #660 wordIndex=0 progress=0.00 (file:///Users/njabulomnisi/Projects/Dojo/worshipsync/apps/sister/release/mac-arm64/LyriCue.app/Contents/Resources/app.asar/public/build/karaoke-output.bundle.js:12)
[lyricue:sister:renderer:info] [lyricue:sister-renderer] frame #720 wordIndex=0 progress=0.00 (file:///Users/njabulomnisi/Projects/Dojo/worshipsync/apps/sister/release/mac-arm64/LyriCue.app/Contents/Resources/app.asar/public/build/karaoke-output.bundle.js:12)
[lyricue:sister:renderer:info] [lyricue:sister-renderer] frame #780 wordIndex=0 progress=0.00 (file:///Users/njabulomnisi/Projects/Dojo/worshipsync/apps/sister/release/mac-arm64/LyriCue.app/Contents/Resources/app.asar/public/build/karaoke-output.bundle.js:12)
[lyricue:sister] diag mode=own-window running=true delivered=839 dropped=0 fps=56.9 dps=0.0 since-frame=16ms rss=151.4MB heap=6.3MB uptime=16s lastError=none
[lyricue:sister:renderer:info] [lyricue:sister-renderer] frame #840 wordIndex=0 progress=0.00 (file:///Users/njabulomnisi/Projects/Dojo/worshipsync/apps/sister/release/mac-arm64/LyriCue.app/Contents/Resources/app.asar/public/build/karaoke-output.bundle.js:12)
[lyricue:sister:renderer:info] [lyricue:sister-renderer] frame #900 wordIndex=0 progress=0.00 (file:///Users/njabulomnisi/Projects/Dojo/worshipsync/apps/sister/release/mac-arm64/LyriCue.app/Contents/Resources/app.asar/public/build/karaoke-output.bundle.js:12)
[lyricue:sister:renderer:info] [lyricue:sister-renderer] frame #960 wordIndex=0 progress=0.00 (file:///Users/njabulomnisi/Projects/Dojo/worshipsync/apps/sister/release/mac-arm64/LyriCue.app/Contents/Resources/app.asar/public/build/karaoke-output.bundle.js:12)
[lyricue:sister:renderer:info] [lyricue:sister-renderer] frame #1020 wordIndex=0 progress=0.00 (file:///Users/njabulomnisi/Projects/Dojo/worshipsync/apps/sister/release/mac-arm64/LyriCue.app/Contents/Resources/app.asar/public/build/karaoke-output.bundle.js:12)
[lyricue:sister:renderer:info] [lyricue:sister-renderer] frame #1080 wordIndex=0 progress=0.00 (file:///Users/njabulomnisi/Projects/Dojo/worshipsync/apps/sister/release/mac-arm64/LyriCue.app/Contents/Resources/app.asar/public/build/karaoke-output.bundle.js:12)
[lyricue:sister] diag mode=own-window running=true delivered=1130 dropped=0 fps=57.9 dps=0.0 since-frame=0ms rss=151.3MB heap=5.7MB uptime=21s lastError=none
[lyricue:sister:renderer:info] [lyricue:sister-renderer] frame #1140 wordIndex=0 progress=0.00 (file:///Users/njabulomnisi/Projects/Dojo/worshipsync/apps/sister/release/mac-arm64/LyriCue.app/Contents/Resources/app.asar/public/build/karaoke-output.bundle.js:12)
[lyricue:sister:renderer:info] [lyricue:sister-renderer] frame #1200 wordIndex=0 progress=0.00 (file:///Users/njabulomnisi/Projects/Dojo/worshipsync/apps/sister/release/mac-arm64/LyriCue.app/Contents/Resources/app.asar/public/build/karaoke-output.bundle.js:12)
[lyricue:sister:renderer:info] [lyricue:sister-renderer] frame #1260 wordIndex=0 progress=0.00 (file:///Users/njabulomnisi/Projects/Dojo/worshipsync/apps/sister/release/mac-arm64/LyriCue.app/Contents/Resources/app.asar/public/build/karaoke-output.bundle.js:12)
[lyricue:sister:renderer:info] [lyricue:sister-renderer] frame #1320 wordIndex=0 progress=0.00 (file:///Users/njabulomnisi/Projects/Dojo/worshipsync/apps/sister/release/mac-arm64/LyriCue.app/Contents/Resources/app.asar/public/build/karaoke-output.bundle.js:12)
[lyricue:sister:renderer:info] [lyricue:sister-renderer] frame #1380 wordIndex=0 progress=0.00 (file:///Users/njabulomnisi/Projects/Dojo/worshipsync/apps/sister/release/mac-arm64/LyriCue.app/Contents/Resources/app.asar/public/build/karaoke-output.bundle.js:12)
[lyricue:sister] diag mode=own-window running=true delivered=1419 dropped=0 fps=58.9 dps=0.0 since-frame=5ms rss=151.3MB heap=5.8MB uptime=26s lastError=none
[lyricue:sister:renderer:info] [lyricue:sister-renderer] frame #1440 wordIndex=0 progress=0.00 (file:///Users/njabulomnisi/Projects/Dojo/worshipsync/apps/sister/release/mac-arm64/LyriCue.app/Contents/Resources/app.asar/public/build/karaoke-output.bundle.js:12)
[lyricue:sister:renderer:info] [lyricue:sister-renderer] frame #1500 wordIndex=0 progress=0.00 (file:///Users/njabulomnisi/Projects/Dojo/worshipsync/apps/sister/release/mac-arm64/LyriCue.app/Contents/Resources/app.asar/public/build/karaoke-output.bundle.js:12)
[lyricue:sister:renderer:info] [lyricue:sister-renderer] frame #1560 wordIndex=0 progress=0.00 (file:///Users/njabulomnisi/Projects/Dojo/worshipsync/apps/sister/release/mac-arm64/LyriCue.app/Contents/Resources/app.asar/public/build/karaoke-output.bundle.js:12)
[lyricue:sister:renderer:info] [lyricue:sister-renderer] frame #1620 wordIndex=0 progress=0.00 (file:///Users/njabulomnisi/Projects/Dojo/worshipsync/apps/sister/release/mac-arm64/LyriCue.app/Contents/Resources/app.asar/public/build/karaoke-output.bundle.js:12)
[lyricue:sister:renderer:info] [lyricue:sister-renderer] frame #1680 wordIndex=0 progress=0.00 (file:///Users/njabulomnisi/Projects/Dojo/worshipsync/apps/sister/release/mac-arm64/LyriCue.app/Contents/Resources/app.asar/public/build/karaoke-output.bundle.js:12)
[lyricue:sister] diag mode=own-window running=true delivered=1708 dropped=0 fps=57.9 dps=0.0 since-frame=11ms rss=137.5MB heap=5.9MB uptime=31s lastError=none
[lyricue:sister:renderer:info] [lyricue:sister-renderer] frame #1740 wordIndex=0 progress=0.00 (file:///Users/njabulomnisi/Projects/Dojo/worshipsync/apps/sister/release/mac-arm64/LyriCue.app/Contents/Resources/app.asar/public/build/karaoke-output.bundle.js:12)
[lyricue:sister:renderer:info] [lyricue:sister-renderer] frame #1800 wordIndex=0 progress=0.00 (file:///Users/njabulomnisi/Projects/Dojo/worshipsync/apps/sister/release/mac-arm64/LyriCue.app/Contents/Resources/app.asar/public/build/karaoke-output.bundle.js:12)
[lyricue:sister:renderer:info] [lyricue:sister-renderer] frame #1860 wordIndex=0 progress=0.00 (file:///Users/njabulomnisi/Projects/Dojo/worshipsync/apps/sister/release/mac-arm64/LyriCue.app/Contents/Resources/app.asar/public/build/karaoke-output.bundle.js:12)
[lyricue:sister:renderer:info] [lyricue:sister-renderer] frame #1920 wordIndex=0 progress=0.00 (file:///Users/njabulomnisi/Projects/Dojo/worshipsync/apps/sister/release/mac-arm64/LyriCue.app/Contents/Resources/app.asar/public/build/karaoke-output.bundle.js:12)
[lyricue:sister:renderer:info] [lyricue:sister-renderer] frame #1980 wordIndex=0 progress=0.00 (file:///Users/njabulomnisi/Projects/Dojo/worshipsync/apps/sister/release/mac-arm64/LyriCue.app/Contents/Resources/app.asar/public/build/karaoke-output.bundle.js:12)
[lyricue:sister] diag mode=own-window running=true delivered=1998 dropped=0 fps=56.9 dps=0.0 since-frame=15ms rss=137.5MB heap=6.0MB uptime=36s lastError=none
[lyricue:sister:renderer:info] [lyricue:sister-renderer] frame #2040 wordIndex=0 progress=0.00 (file:///Users/njabulomnisi/Projects/Dojo/worshipsync/apps/sister/release/mac-arm64/LyriCue.app/Contents/Resources/app.asar/public/build/karaoke-output.bundle.js:12)
[lyricue:sister:renderer:info] [lyricue:sister-renderer] frame #2100 wordIndex=0 progress=0.00 (file:///Users/njabulomnisi/Projects/Dojo/worshipsync/apps/sister/release/mac-arm64/LyriCue.app/Contents/Resources/app.asar/public/build/karaoke-output.bundle.js:12)
[lyricue:sister:renderer:info] [lyricue:sister-renderer] frame #2160 wordIndex=0 progress=0.00 (file:///Users/njabulomnisi/Projects/Dojo/worshipsync/apps/sister/release/mac-arm64/LyriCue.app/Contents/Resources/app.asar/public/build/karaoke-output.bundle.js:12)
[lyricue:sister:renderer:info] [lyricue:sister-renderer] frame #2220 wordIndex=0 progress=0.00 (file:///Users/njabulomnisi/Projects/Dojo/worshipsync/apps/sister/release/mac-arm64/LyriCue.app/Contents/Resources/app.asar/public/build/karaoke-output.bundle.js:12)
[lyricue:sister:renderer:info] [lyricue:sister-renderer] frame #2280 wordIndex=0 progress=0.00 (file:///Users/njabulomnisi/Projects/Dojo/worshipsync/apps/sister/release/mac-arm64/LyriCue.app/Contents/Resources/app.asar/public/build/karaoke-output.bundle.js:12)
[lyricue:sister] diag mode=own-window running=true delivered=2287 dropped=0 fps=56.9 dps=0.0 since-frame=10ms rss=137.7MB heap=6.1MB uptime=41s lastError=none
[lyricue:sister:renderer:info] [lyricue:sister-renderer] frame #2340 wordIndex=0 progress=0.00 (file:///Users/njabulomnisi/Projects/Dojo/worshipsync/apps/sister/release/mac-arm64/LyriCue.app/Contents/Resources/app.asar/public/build/karaoke-output.bundle.js:12)
[lyricue:sister:renderer:info] [lyricue:sister-renderer] frame #2400 wordIndex=0 progress=0.00 (file:///Users/njabulomnisi/Projects/Dojo/worshipsync/apps/sister/release/mac-arm64/LyriCue.app/Contents/Resources/app.asar/public/build/karaoke-output.bundle.js:12)
[lyricue:sister:renderer:info] [lyricue:sister-renderer] frame #2460 wordIndex=0 progress=0.00 (file:///Users/njabulomnisi/Projects/Dojo/worshipsync/apps/sister/release/mac-arm64/LyriCue.app/Contents/Resources/app.asar/public/build/karaoke-output.bundle.js:12)
[lyricue:sister:renderer:info] [lyricue:sister-renderer] frame #2520 wordIndex=0 progress=0.00 (file:///Users/njabulomnisi/Projects/Dojo/worshipsync/apps/sister/release/mac-arm64/LyriCue.app/Contents/Resources/app.asar/public/build/karaoke-output.bundle.js:12)
[lyricue:sister] diag mode=own-window running=true delivered=2578 dropped=0 fps=58.0 dps=0.0 since-frame=4ms rss=135.5MB heap=6.2MB uptime=46s lastError=none
[lyricue:sister:renderer:info] [lyricue:sister-renderer] frame #2580 wordIndex=0 progress=0.00 (file:///Users/njabulomnisi/Projects/Dojo/worshipsync/apps/sister/release/mac-arm64/LyriCue.app/Contents/Resources/app.asar/public/build/karaoke-output.bundle.js:12)
[lyricue:sister:renderer:info] [lyricue:sister-renderer] frame #2640 wordIndex=0 progress=0.00 (file:///Users/njabulomnisi/Projects/Dojo/worshipsync/apps/sister/release/mac-arm64/LyriCue.app/Contents/Resources/app.asar/public/build/karaoke-output.bundle.js:12)
[lyricue:sister:renderer:info] [lyricue:sister-renderer] frame #2700 wordIndex=0 progress=0.00 (file:///Users/njabulomnisi/Projects/Dojo/worshipsync/apps/sister/release/mac-arm64/LyriCue.app/Contents/Resources/app.asar/public/build/karaoke-output.bundle.js:12)
[lyricue:sister:renderer:info] [lyricue:sister-renderer] frame #2760 wordIndex=0 progress=0.00 (file:///Users/njabulomnisi/Projects/Dojo/worshipsync/apps/sister/release/mac-arm64/LyriCue.app/Contents/Resources/app.asar/public/build/karaoke-output.bundle.js:12)
[lyricue:sister:renderer:info] [lyricue:sister-renderer] frame #2820 wordIndex=0 progress=0.00 (file:///Users/njabulomnisi/Projects/Dojo/worshipsync/apps/sister/release/mac-arm64/LyriCue.app/Contents/Resources/app.asar/public/build/karaoke-output.bundle.js:12)
[lyricue:sister] diag mode=own-window running=true delivered=2866 dropped=0 fps=57.8 dps=0.0 since-frame=14ms rss=122.4MB heap=6.3MB uptime=51s lastError=none
[lyricue:sister:renderer:info] [lyricue:sister-renderer] frame #2880 wordIndex=0 progress=0.00 (file:///Users/njabulomnisi/Projects/Dojo/worshipsync/apps/sister/release/mac-arm64/LyriCue.app/Contents/Resources/app.asar/public/build/karaoke-output.bundle.js:12)
[lyricue:sister:renderer:info] [lyricue:sister-renderer] frame #2940 wordIndex=0 progress=0.00 (file:///Users/njabulomnisi/Projects/Dojo/worshipsync/apps/sister/release/mac-arm64/LyriCue.app/Contents/Resources/app.asar/public/build/karaoke-output.bundle.js:12)
[lyricue:sister:renderer:info] [lyricue:sister-renderer] frame #3000 wordIndex=0 progress=0.00 (file:///Users/njabulomnisi/Projects/Dojo/worshipsync/apps/sister/release/mac-arm64/LyriCue.app/Contents/Resources/app.asar/public/build/karaoke-output.bundle.js:12)
[lyricue:sister:renderer:info] [lyricue:sister-renderer] frame #3060 wordIndex=0 progress=0.00 (file:///Users/njabulomnisi/Projects/Dojo/worshipsync/apps/sister/release/mac-arm64/LyriCue.app/Contents/Resources/app.asar/public/build/karaoke-output.bundle.js:12)
[lyricue:sister:renderer:info] [lyricue:sister-renderer] frame #3120 wordIndex=0 progress=0.00 (file:///Users/njabulomnisi/Projects/Dojo/worshipsync/apps/sister/release/mac-arm64/LyriCue.app/Contents/Resources/app.asar/public/build/karaoke-output.bundle.js:12)
[lyricue:sister] diag mode=own-window running=true delivered=3156 dropped=0 fps=57.9 dps=0.0 since-frame=9ms rss=123.0MB heap=6.4MB uptime=56s lastError=none
[lyricue:sister:renderer:info] [lyricue:sister-renderer] frame #3180 wordIndex=0 progress=0.00 (file:///Users/njabulomnisi/Projects/Dojo/worshipsync/apps/sister/release/mac-arm64/LyriCue.app/Contents/Resources/app.asar/public/build/karaoke-output.bundle.js:12)
[lyricue:sister:renderer:info] [lyricue:sister-renderer] frame #3240 wordIndex=0 progress=0.00 (file:///Users/njabulomnisi/Projects/Dojo/worshipsync/apps/sister/release/mac-arm64/LyriCue.app/Contents/Resources/app.asar/public/build/karaoke-output.bundle.js:12)
[lyricue:sister:renderer:info] [lyricue:sister-renderer] frame #3300 wordIndex=0 progress=0.00 (file:///Users/njabulomnisi/Projects/Dojo/worshipsync/apps/sister/release/mac-arm64/LyriCue.app/Contents/Resources/app.asar/public/build/karaoke-output.bundle.js:12)
[lyricue:sister:renderer:info] [lyricue:sister-renderer] frame #3360 wordIndex=0 progress=0.00 (file:///Users/njabulomnisi/Projects/Dojo/worshipsync/apps/sister/release/mac-arm64/LyriCue.app/Contents/Resources/app.asar/public/build/karaoke-output.bundle.js:12)
[lyricue:sister:renderer:info] [lyricue:sister-renderer] frame #3420 wordIndex=0 progress=0.00 (file:///Users/njabulomnisi/Projects/Dojo/worshipsync/apps/sister/release/mac-arm64/LyriCue.app/Contents/Resources/app.asar/public/build/karaoke-output.bundle.js:12)
[lyricue:sister] diag mode=own-window running=true delivered=3446 dropped=0 fps=58.0 dps=0.0 since-frame=0ms rss=125.4MB heap=6.5MB uptime=61s lastError=none
[lyricue:sister:renderer:info] [lyricue:sister-renderer] frame #3480 wordIndex=0 progress=0.00 (file:///Users/njabulomnisi/Projects/Dojo/worshipsync/apps/sister/release/mac-arm64/LyriCue.app/Contents/Resources/app.asar/public/build/karaoke-output.bundle.js:12)
[lyricue:sister:renderer:info] [lyricue:sister-renderer] frame #3540 wordIndex=0 progress=0.00 (file:///Users/njabulomnisi/Projects/Dojo/worshipsync/apps/sister/release/mac-arm64/LyriCue.app/Contents/Resources/app.asar/public/build/karaoke-output.bundle.js:12)
[lyricue:sister:renderer:info] [lyricue:sister-renderer] frame #3600 wordIndex=0 progress=0.00 (file:///Users/njabulomnisi/Projects/Dojo/worshipsync/apps/sister/release/mac-arm64/LyriCue.app/Contents/Resources/app.asar/public/build/karaoke-output.bundle.js:12)
[lyricue:sister:renderer:info] [lyricue:sister-renderer] frame #3660 wordIndex=0 progress=0.00 (file:///Users/njabulomnisi/Projects/Dojo/worshipsync/apps/sister/release/mac-arm64/LyriCue.app/Contents/Resources/app.asar/public/build/karaoke-output.bundle.js:12)
[lyricue:sister:renderer:info] [lyricue:sister-renderer] frame #3720 wordIndex=0 progress=0.00 (file:///Users/njabulomnisi/Projects/Dojo/worshipsync/apps/sister/release/mac-arm64/LyriCue.app/Contents/Resources/app.asar/public/build/karaoke-output.bundle.js:12)
[lyricue:sister] diag mode=own-window running=true delivered=3731 dropped=0 fps=54.8 dps=0.0 since-frame=12ms rss=125.6MB heap=6.5MB uptime=66s lastError=none
[lyricue:sister:renderer:info] [lyricue:sister-renderer] frame #3780 wordIndex=0 progress=0.00 (file:///Users/njabulomnisi/Projects/Dojo/worshipsync/apps/sister/release/mac-arm64/LyriCue.app/Contents/Resources/app.asar/public/build/karaoke-output.bundle.js:12)
[lyricue:sister:renderer:info] [lyricue:sister-renderer] frame #3840 wordIndex=0 progress=0.00 (file:///Users/njabulomnisi/Projects/Dojo/worshipsync/apps/sister/release/mac-arm64/LyriCue.app/Contents/Resources/app.asar/public/build/karaoke-output.bundle.js:12)
[lyricue:sister:renderer:info] [lyricue:sister-renderer] frame #3900 wordIndex=0 progress=0.00 (file:///Users/njabulomnisi/Projects/Dojo/worshipsync/apps/sister/release/mac-arm64/LyriCue.app/Contents/Resources/app.asar/public/build/karaoke-output.bundle.js:12)
[lyricue:sister:renderer:info] [lyricue:sister-renderer] frame #3960 wordIndex=0 progress=0.00 (file:///Users/njabulomnisi/Projects/Dojo/worshipsync/apps/sister/release/mac-arm64/LyriCue.app/Contents/Resources/app.asar/public/build/karaoke-output.bundle.js:12)
[lyricue:sister] diag mode=own-window running=true delivered=4012 dropped=0 fps=54.9 dps=0.0 since-frame=13ms rss=125.5MB heap=6.5MB uptime=71s lastError=none
[lyricue:sister:renderer:info] [lyricue:sister-renderer] frame #4020 wordIndex=0 progress=0.00 (file:///Users/njabulomnisi/Projects/Dojo/worshipsync/apps/sister/release/mac-arm64/LyriCue.app/Contents/Resources/app.asar/public/build/karaoke-output.bundle.js:12)
[lyricue:sister:renderer:info] [lyricue:sister-renderer] frame #4080 wordIndex=0 progress=0.00 (file:///Users/njabulomnisi/Projects/Dojo/worshipsync/apps/sister/release/mac-arm64/LyriCue.app/Contents/Resources/app.asar/public/build/karaoke-output.bundle.js:12)
[lyricue:sister:renderer:info] [lyricue:sister-renderer] frame #4140 wordIndex=0 progress=0.00 (file:///Users/njabulomnisi/Projects/Dojo/worshipsync/apps/sister/release/mac-arm64/LyriCue.app/Contents/Resources/app.asar/public/build/karaoke-output.bundle.js:12)
[lyricue:sister:renderer:info] [lyricue:sister-renderer] frame #4200 wordIndex=0 progress=0.00 (file:///Users/njabulomnisi/Projects/Dojo/worshipsync/apps/sister/release/mac-arm64/LyriCue.app/Contents/Resources/app.asar/public/build/karaoke-output.bundle.js:12)
[lyricue:sister:renderer:info] [lyricue:sister-renderer] frame #4260 wordIndex=0 progress=0.00 (file:///Users/njabulomnisi/Projects/Dojo/worshipsync/apps/sister/release/mac-arm64/LyriCue.app/Contents/Resources/app.asar/public/build/karaoke-output.bundle.js:12)
[lyricue:sister] diag mode=own-window running=true delivered=4293 dropped=0 fps=56.7 dps=0.0 since-frame=15ms rss=78.9MB heap=6.6MB uptime=76s lastError=none
[lyricue:sister:renderer:info] [lyricue:sister-renderer] frame #4320 wordIndex=0 progress=0.00 (file:///Users/njabulomnisi/Projects/Dojo/worshipsync/apps/sister/release/mac-arm64/LyriCue.app/Contents/Resources/app.asar/public/build/karaoke-output.bundle.js:12)
[lyricue:sister:renderer:info] [lyricue:sister-renderer] frame #4380 wordIndex=0 progress=0.00 (file:///Users/njabulomnisi/Projects/Dojo/worshipsync/apps/sister/release/mac-arm64/LyriCue.app/Contents/Resources/app.asar/public/build/karaoke-output.bundle.js:12)
[lyricue:sister:renderer:info] [lyricue:sister-renderer] frame #4440 wordIndex=0 progress=0.00 (file:///Users/njabulomnisi/Projects/Dojo/worshipsync/apps/sister/release/mac-arm64/LyriCue.app/Contents/Resources/app.asar/public/build/karaoke-output.bundle.js:12)
[lyricue:sister:renderer:info] [lyricue:sister-renderer] frame #4500 wordIndex=0 progress=0.00 (file:///Users/njabulomnisi/Projects/Dojo/worshipsync/apps/sister/release/mac-arm64/LyriCue.app/Contents/Resources/app.asar/public/build/karaoke-output.bundle.js:12)
[lyricue:sister:renderer:info] [lyricue:sister-renderer] frame #4560 wordIndex=0 progress=0.00 (file:///Users/njabulomnisi/Projects/Dojo/worshipsync/apps/sister/release/mac-arm64/LyriCue.app/Contents/Resources/app.asar/public/build/karaoke-output.bundle.js:12)
[lyricue:sister] diag mode=own-window running=true delivered=4574 dropped=0 fps=56.9 dps=0.0 since-frame=6ms rss=77.6MB heap=6.6MB uptime=81s lastError=none
[lyricue:sister:renderer:info] [lyricue:sister-renderer] frame #4620 wordIndex=0 progress=0.00 (file:///Users/njabulomnisi/Projects/Dojo/worshipsync/apps/sister/release/mac-arm64/LyriCue.app/Contents/Resources/app.asar/public/build/karaoke-output.bundle.js:12)
[lyricue:sister:renderer:info] [lyricue:sister-renderer] frame #4680 wordIndex=0 progress=0.00 (file:///Users/njabulomnisi/Projects/Dojo/worshipsync/apps/sister/release/mac-arm64/LyriCue.app/Contents/Resources/app.asar/public/build/karaoke-output.bundle.js:12)
[lyricue:sister:renderer:info] [lyricue:sister-renderer] frame #4740 wordIndex=0 progress=0.00 (file:///Users/njabulomnisi/Projects/Dojo/worshipsync/apps/sister/release/mac-arm64/LyriCue.app/Contents/Resources/app.asar/public/build/karaoke-output.bundle.js:12)
[lyricue:sister:renderer:info] [lyricue:sister-renderer] frame #4800 wordIndex=0 progress=0.00 (file:///Users/njabulomnisi/Projects/Dojo/worshipsync/apps/sister/release/mac-arm64/LyriCue.app/Contents/Resources/app.asar/public/build/karaoke-output.bundle.js:12)
[lyricue:sister] diag mode=own-window running=true delivered=4857 dropped=0 fps=56.9 dps=0.0 since-frame=5ms rss=73.6MB heap=6.6MB uptime=86s lastError=none
[lyricue:sister:renderer:info] [lyricue:sister-renderer] frame #4860 wordIndex=0 progress=0.00 (file:///Users/njabulomnisi/Projects/Dojo/worshipsync/apps/sister/release/mac-arm64/LyriCue.app/Contents/Resources/app.asar/public/build/karaoke-output.bundle.js:12)
[lyricue:sister:renderer:info] [lyricue:sister-renderer] frame #4920 wordIndex=0 progress=0.00 (file:///Users/njabulomnisi/Projects/Dojo/worshipsync/apps/sister/release/mac-arm64/LyriCue.app/Contents/Resources/app.asar/public/build/karaoke-output.bundle.js:12)
[lyricue:sister:renderer:info] [lyricue:sister-renderer] frame #4980 wordIndex=0 progress=0.00 (file:///Users/njabulomnisi/Projects/Dojo/worshipsync/apps/sister/release/mac-arm64/LyriCue.app/Contents/Resources/app.asar/public/build/karaoke-output.bundle.js:12)
[lyricue:sister:renderer:info] [lyricue:sister-renderer] frame #5040 wordIndex=0 progress=0.00 (file:///Users/njabulomnisi/Projects/Dojo/worshipsync/apps/sister/release/mac-arm64/LyriCue.app/Contents/Resources/app.asar/public/build/karaoke-output.bundle.js:12)
[lyricue:sister:renderer:info] [lyricue:sister-renderer] frame #5100 wordIndex=0 progress=0.00 (file:///Users/njabulomnisi/Projects/Dojo/worshipsync/apps/sister/release/mac-arm64/LyriCue.app/Contents/Resources/app.asar/public/build/karaoke-output.bundle.js:12)
[lyricue:sister] diag mode=own-window running=true delivered=5137 dropped=0 fps=55.9 dps=0.0 since-frame=12ms rss=71.4MB heap=6.7MB uptime=91s lastError=none
[lyricue:sister:renderer:info] [lyricue:sister-renderer] frame #5160 wordIndex=0 progress=0.00 (file:///Users/njabulomnisi/Projects/Dojo/worshipsync/apps/sister/release/mac-arm64/LyriCue.app/Contents/Resources/app.asar/public/build/karaoke-output.bundle.js:12)
[lyricue:sister:renderer:info] [lyricue:sister-renderer] frame #5220 wordIndex=0 progress=0.00 (file:///Users/njabulomnisi/Projects/Dojo/worshipsync/apps/sister/release/mac-arm64/LyriCue.app/Contents/Resources/app.asar/public/build/karaoke-output.bundle.js:12)
[lyricue:sister:renderer:info] [lyricue:sister-renderer] frame #5280 wordIndex=0 progress=0.00 (file:///Users/njabulomnisi/Projects/Dojo/worshipsync/apps/sister/release/mac-arm64/LyriCue.app/Contents/Resources/app.asar/public/build/karaoke-output.bundle.js:12)
[lyricue:sister:renderer:info] [lyricue:sister-renderer] frame #5340 wordIndex=0 progress=0.00 (file:///Users/njabulomnisi/Projects/Dojo/worshipsync/apps/sister/release/mac-arm64/LyriCue.app/Contents/Resources/app.asar/public/build/karaoke-output.bundle.js:12)
[lyricue:sister:renderer:info] [lyricue:sister-renderer] frame #5400 wordIndex=0 progress=0.00 (file:///Users/njabulomnisi/Projects/Dojo/worshipsync/apps/sister/release/mac-arm64/LyriCue.app/Contents/Resources/app.asar/public/build/karaoke-output.bundle.js:12)
[lyricue:sister] diag mode=own-window running=true delivered=5419 dropped=0 fps=56.0 dps=0.0 since-frame=2ms rss=60.5MB heap=6.6MB uptime=96s lastError=none
[lyricue:sister:renderer:info] [lyricue:sister-renderer] frame #5460 wordIndex=0 progress=0.00 (file:///Users/njabulomnisi/Projects/Dojo/worshipsync/apps/sister/release/mac-arm64/LyriCue.app/Contents/Resources/app.asar/public/build/karaoke-output.bundle.js:12)
[lyricue:sister:renderer:info] [lyricue:sister-renderer] frame #5520 wordIndex=0 progress=0.00 (file:///Users/njabulomnisi/Projects/Dojo/worshipsync/apps/sister/release/mac-arm64/LyriCue.app/Contents/Resources/app.asar/public/build/karaoke-output.bundle.js:12)
[lyricue:sister:renderer:info] [lyricue:sister-renderer] frame #5580 wordIndex=0 progress=0.00 (file:///Users/njabulomnisi/Projects/Dojo/worshipsync/apps/sister/release/mac-arm64/LyriCue.app/Contents/Resources/app.asar/public/build/karaoke-output.bundle.js:12)
[lyricue:sister:renderer:info] [lyricue:sister-renderer] frame #5640 wordIndex=0 progress=0.00 (file:///Users/njabulomnisi/Projects/Dojo/worshipsync/apps/sister/release/mac-arm64/LyriCue.app/Contents/Resources/app.asar/public/build/karaoke-output.bundle.js:12)
[lyricue:sister] diag mode=own-window running=true delivered=5699 dropped=0 fps=54.9 dps=0.0 since-frame=12ms rss=61.0MB heap=6.6MB uptime=101s lastError=none
[lyricue:sister:renderer:info] [lyricue:sister-renderer] frame #5700 wordIndex=0 progress=0.00 (file:///Users/njabulomnisi/Projects/Dojo/worshipsync/apps/sister/release/mac-arm64/LyriCue.app/Contents/Resources/app.asar/public/build/karaoke-output.bundle.js:12)
[lyricue:sister:renderer:info] [lyricue:sister-renderer] frame #5760 wordIndex=0 progress=0.00 (file:///Users/njabulomnisi/Projects/Dojo/worshipsync/apps/sister/release/mac-arm64/LyriCue.app/Contents/Resources/app.asar/public/build/karaoke-output.bundle.js:12)
[lyricue:sister:renderer:info] [lyricue:sister-renderer] frame #5820 wordIndex=0 progress=0.00 (file:///Users/njabulomnisi/Projects/Dojo/worshipsync/apps/sister/release/mac-arm64/LyriCue.app/Contents/Resources/app.asar/public/build/karaoke-output.bundle.js:12)
[lyricue:sister:renderer:info] [lyricue:sister-renderer] frame #5880 wordIndex=0 progress=0.00 (file:///Users/njabulomnisi/Projects/Dojo/worshipsync/apps/sister/release/mac-arm64/LyriCue.app/Contents/Resources/app.asar/public/build/karaoke-output.bundle.js:12)
[lyricue:sister:renderer:info] [lyricue:sister-renderer] frame #5940 wordIndex=0 progress=0.00 (file:///Users/njabulomnisi/Projects/Dojo/worshipsync/apps/sister/release/mac-arm64/LyriCue.app/Contents/Resources/app.asar/public/build/karaoke-output.bundle.js:12)
[lyricue:sister] diag mode=own-window running=true delivered=5980 dropped=0 fps=55.9 dps=0.0 since-frame=6ms rss=60.1MB heap=6.6MB uptime=106s lastError=none
[lyricue:sister:renderer:info] [lyricue:sister-renderer] frame #6000 wordIndex=0 progress=0.00 (file:///Users/njabulomnisi/Projects/Dojo/worshipsync/apps/sister/release/mac-arm64/LyriCue.app/Contents/Resources/app.asar/public/build/karaoke-output.bundle.js:12)
[lyricue:sister:renderer:info] [lyricue:sister-renderer] frame #6060 wordIndex=0 progress=0.00 (file:///Users/njabulomnisi/Projects/Dojo/worshipsync/apps/sister/release/mac-arm64/LyriCue.app/Contents/Resources/app.asar/public/build/karaoke-output.bundle.js:12)
[lyricue:sister:renderer:info] [lyricue:sister-renderer] frame #6120 wordIndex=0 progress=0.00 (file:///Users/njabulomnisi/Projects/Dojo/worshipsync/apps/sister/release/mac-arm64/LyriCue.app/Contents/Resources/app.asar/public/build/karaoke-output.bundle.js:12)
[lyricue:sister:renderer:info] [lyricue:sister-renderer] frame #6180 wordIndex=0 progress=0.00 (file:///Users/njabulomnisi/Projects/Dojo/worshipsync/apps/sister/release/mac-arm64/LyriCue.app/Contents/Resources/app.asar/public/build/karaoke-output.bundle.js:12)
[lyricue:sister:renderer:info] [lyricue:sister-renderer] frame #6240 wordIndex=0 progress=0.00 (file:///Users/njabulomnisi/Projects/Dojo/worshipsync/apps/sister/release/mac-arm64/LyriCue.app/Contents/Resources/app.asar/public/build/karaoke-output.bundle.js:12)
[lyricue:sister] diag mode=own-window running=true delivered=6257 dropped=0 fps=54.7 dps=0.0 since-frame=14ms rss=61.8MB heap=6.6MB uptime=111s lastError=none
[lyricue:sister:renderer:info] [lyricue:sister-renderer] frame #6300 wordIndex=0 progress=0.00 (file:///Users/njabulomnisi/Projects/Dojo/worshipsync/apps/sister/release/mac-arm64/LyriCue.app/Contents/Resources/app.asar/public/build/karaoke-output.bundle.js:12)
[lyricue:sister:renderer:info] [lyricue:sister-renderer] frame #6360 wordIndex=0 progress=0.00 (file:///Users/njabulomnisi/Projects/Dojo/worshipsync/apps/sister/release/mac-arm64/LyriCue.app/Contents/Resources/app.asar/public/build/karaoke-output.bundle.js:12)
[lyricue:sister:renderer:info] [lyricue:sister-renderer] frame #6420 wordIndex=0 progress=0.00 (file:///Users/njabulomnisi/Projects/Dojo/worshipsync/apps/sister/release/mac-arm64/LyriCue.app/Contents/Resources/app.asar/public/build/karaoke-output.bundle.js:12)
[lyricue:sister:renderer:info] [lyricue:sister-renderer] frame #6480 wordIndex=0 progress=0.00 (file:///Users/njabulomnisi/Projects/Dojo/worshipsync/apps/sister/release/mac-arm64/LyriCue.app/Contents/Resources/app.asar/public/build/karaoke-output.bundle.js:12)
[lyricue:sister] diag mode=own-window running=true delivered=6538 dropped=0 fps=56.9 dps=0.0 since-frame=4ms rss=67.2MB heap=6.3MB uptime=116s lastError=none
[lyricue:sister:renderer:info] [lyricue:sister-renderer] frame #6540 wordIndex=0 progress=0.00 (file:///Users/njabulomnisi/Projects/Dojo/worshipsync/apps/sister/release/mac-arm64/LyriCue.app/Contents/Resources/app.asar/public/build/karaoke-output.bundle.js:12)
[lyricue:sister:renderer:info] [lyricue:sister-renderer] frame #6600 wordIndex=0 progress=0.00 (file:///Users/njabulomnisi/Projects/Dojo/worshipsync/apps/sister/release/mac-arm64/LyriCue.app/Contents/Resources/app.asar/public/build/karaoke-output.bundle.js:12)
[lyricue:sister:renderer:info] [lyricue:sister-renderer] frame #6660 wordIndex=0 progress=0.00 (file:///Users/njabulomnisi/Projects/Dojo/worshipsync/apps/sister/release/mac-arm64/LyriCue.app/Contents/Resources/app.asar/public/build/karaoke-output.bundle.js:12)
[lyricue:sister:renderer:info] [lyricue:sister-renderer] frame #6720 wordIndex=0 progress=0.00 (file:///Users/njabulomnisi/Projects/Dojo/worshipsync/apps/sister/release/mac-arm64/LyriCue.app/Contents/Resources/app.asar/public/build/karaoke-output.bundle.js:12)
[lyricue:sister:renderer:info] [lyricue:sister-renderer] frame #6780 wordIndex=0 progress=0.00 (file:///Users/njabulomnisi/Projects/Dojo/worshipsync/apps/sister/release/mac-arm64/LyriCue.app/Contents/Resources/app.asar/public/build/karaoke-output.bundle.js:12)
[lyricue:sister] diag mode=own-window running=true delivered=6818 dropped=0 fps=56.0 dps=0.0 since-frame=17ms rss=69.6MB heap=6.2MB uptime=121s lastError=none
[lyricue:sister:renderer:info] [lyricue:sister-renderer] frame #6840 wordIndex=0 progress=0.00 (file:///Users/njabulomnisi/Projects/Dojo/worshipsync/apps/sister/release/mac-arm64/LyriCue.app/Contents/Resources/app.asar/public/build/karaoke-output.bundle.js:12)
[lyricue:sister:renderer:info] [lyricue:sister-renderer] frame #6900 wordIndex=0 progress=0.00 (file:///Users/njabulomnisi/Projects/Dojo/worshipsync/apps/sister/release/mac-arm64/LyriCue.app/Contents/Resources/app.asar/public/build/karaoke-output.bundle.js:12)
[lyricue:sister:renderer:info] [lyricue:sister-renderer] frame #6960 wordIndex=0 progress=0.00 (file:///Users/njabulomnisi/Projects/Dojo/worshipsync/apps/sister/release/mac-arm64/LyriCue.app/Contents/Resources/app.asar/public/build/karaoke-output.bundle.js:12)
[lyricue:sister:renderer:info] [lyricue:sister-renderer] frame #7020 wordIndex=0 progress=0.00 (file:///Users/njabulomnisi/Projects/Dojo/worshipsync/apps/sister/release/mac-arm64/LyriCue.app/Contents/Resources/app.asar/public/build/karaoke-output.bundle.js:12)
[lyricue:sister] sidecar: [lyricue-sidecar:INFO] server loop started; 7 handlers registered
[lyricue:sister:renderer:info] [lyricue:sister-renderer] frame #7080 wordIndex=0 progress=0.00 (file:///Users/njabulomnisi/Projects/Dojo/worshipsync/apps/sister/release/mac-arm64/LyriCue.app/Contents/Resources/app.asar/public/build/karaoke-output.bundle.js:12)
[lyricue:sister] diag mode=own-window running=true delivered=7099 dropped=0 fps=56.0 dps=0.0 since-frame=0ms rss=73.9MB heap=6.3MB uptime=126s lastError=none
[lyricue:sister:renderer:info] [lyricue:sister-renderer] frame #7140 wordIndex=0 progress=0.00 (file:///Users/njabulomnisi/Projects/Dojo/worshipsync/apps/sister/release/mac-arm64/LyriCue.app/Contents/Resources/app.asar/public/build/karaoke-output.bundle.js:12)
[lyricue:sister:renderer:info] [lyricue:sister-renderer] frame #7200 wordIndex=0 progress=0.00 (file:///Users/njabulomnisi/Projects/Dojo/worshipsync/apps/sister/release/mac-arm64/LyriCue.app/Contents/Resources/app.asar/public/build/karaoke-output.bundle.js:12)
[lyricue:sister:renderer:info] [lyricue:sister-renderer] frame #7260 wordIndex=0 progress=0.00 (file:///Users/njabulomnisi/Projects/Dojo/worshipsync/apps/sister/release/mac-arm64/LyriCue.app/Contents/Resources/app.asar/public/build/karaoke-output.bundle.js:12)
[lyricue:sister:renderer:info] [lyricue:sister-renderer] frame #7320 wordIndex=0 progress=0.00 (file:///Users/njabulomnisi/Projects/Dojo/worshipsync/apps/sister/release/mac-arm64/LyriCue.app/Contents/Resources/app.asar/public/build/karaoke-output.bundle.js:12)
[lyricue:sister] diag mode=own-window running=true delivered=7379 dropped=0 fps=56.0 dps=0.0 since-frame=16ms rss=72.8MB heap=6.2MB uptime=131s lastError=none
[lyricue:sister:renderer:info] [lyricue:sister-renderer] frame #7380 wordIndex=0 progress=0.00 (file:///Users/njabulomnisi/Projects/Dojo/worshipsync/apps/sister/release/mac-arm64/LyriCue.app/Contents/Resources/app.asar/public/build/karaoke-output.bundle.js:12)
[lyricue:sister:renderer:info] [lyricue:sister-renderer] frame #7440 wordIndex=0 progress=0.00 (file:///Users/njabulomnisi/Projects/Dojo/worshipsync/apps/sister/release/mac-arm64/LyriCue.app/Contents/Resources/app.asar/public/build/karaoke-output.bundle.js:12)
[lyricue:sister:renderer:info] [lyricue:sister-renderer] frame #7500 wordIndex=0 progress=0.00 (file:///Users/njabulomnisi/Projects/Dojo/worshipsync/apps/sister/release/mac-arm64/LyriCue.app/Contents/Resources/app.asar/public/build/karaoke-output.bundle.js:12)
[lyricue:sister:renderer:info] [lyricue:sister-renderer] frame #7560 wordIndex=0 progress=0.00 (file:///Users/njabulomnisi/Projects/Dojo/worshipsync/apps/sister/release/mac-arm64/LyriCue.app/Contents/Resources/app.asar/public/build/karaoke-output.bundle.js:12)
[lyricue:sister:renderer:info] [lyricue:sister-renderer] frame #7620 wordIndex=0 progress=0.00 (file:///Users/njabulomnisi/Projects/Dojo/worshipsync/apps/sister/release/mac-arm64/LyriCue.app/Contents/Resources/app.asar/public/build/karaoke-output.bundle.js:12)
[lyricue:sister] diag mode=own-window running=true delivered=7663 dropped=0 fps=56.9 dps=0.0 since-frame=9ms rss=72.7MB heap=6.1MB uptime=136s lastError=none
[lyricue:sister:renderer:info] [lyricue:sister-renderer] frame #7680 wordIndex=0 progress=0.00 (file:///Users/njabulomnisi/Projects/Dojo/worshipsync/apps/sister/release/mac-arm64/LyriCue.app/Contents/Resources/app.asar/public/build/karaoke-output.bundle.js:12)
[lyricue:sister] operator command: approveRehearsalSegment
[lyricue:sister] [capture] rehearsal capture exercise result={"status":"captured-approved","started":{"filePath":"/Users/njabulomnisi/Library/Application Support/@lyricue/sister/lyricue/rehearsals/2026-06-06T08-20-33-327Z.wav","startedAt":"2026-06-06T08:20:33.327Z","sampleRate":48000,"channels":1},"stopped":{"filePath":"/Users/njabulomnisi/Library/Application Support/@lyricue/sister/lyricue/rehearsals/2026-06-06T08-20-33-327Z.wav","bytesWritten":192000,"elapsedMs":9.691291999999521,"segmentation":{"jobId":"rehearsal-1780734146486","stage":"segments_ready","audio":{"durationSeconds":2,"sampleRate":16000},"segments":[{"index":0,"startSec":0,"endSec":2,"status":"matched","showId":"lyricue-demo-walking-skeleton","title":"Walking-Skeleton Demo","confidence":0.5}]}}}
[lyricue:sister] [smoke] complete: pass
[lyricue:sister] [capture] evidence run complete; quitting
[lyricue:sister:renderer:info] [lyricue:sister-renderer] frame #7740 wordIndex=0 progress=0.00 (file:///Users/njabulomnisi/Projects/Dojo/worshipsync/apps/sister/release/mac-arm64/LyriCue.app/Contents/Resources/app.asar/public/build/karaoke-output.bundle.js:12)
[lyricue:sister] sidecar: [lyricue-sidecar:INFO] input stream closed; server exiting cleanly
